[03:34:45] [ServerMain/INFO]: Environment: Environment[sessionHost=https://sessionserver.mojang.com, servicesHost=https://api.minecraftservices.com, name=PROD]
[03:34:47] [ServerMain/INFO]: Loaded 1290 recipes
[03:34:47] [ServerMain/INFO]: Loaded 1399 advancements
[03:34:47] [Server thread/INFO]: Starting minecraft server version 1.21.1
[03:34:47] [Server thread/INFO]: Loading properties
[03:34:47] [Server thread/INFO]: Default game type: SURVIVAL
[03:34:47] [Server thread/INFO]: Generating keypair
[03:34:47] [Server thread/INFO]: Starting Minecraft server on *:25565
[03:34:47] [Server thread/INFO]: Using epoll channel type
[03:34:48] [Server thread/WARN]: **** SERVER IS RUNNING IN OFFLINE/INSECURE MODE!
[03:34:48] [Server thread/WARN]: The server will make no attempt to authenticate usernames. Beware.
[03:34:48] [Server thread/WARN]: While this makes the game possible to play without internet access, it also opens up the ability for hackers to connect with any username they choose.
[03:34:48] [Server thread/WARN]: To change this, set "online-mode" to "true" in the server.properties file.
[03:34:48] [Server thread/INFO]: Preparing level "world"
[03:34:50] [Server thread/INFO]: Preparing start region for dimension minecraft:overworld
[03:34:50] [Worker-Main-1/INFO]: Preparing spawn area: 0%
[03:34:50] [Server thread/INFO]: Time elapsed: 528 ms
[03:34:50] [Server thread/INFO]: Done (2.892s)! For help, type "help"
[03:34:58] [Server thread/INFO]: Stopping the server
[03:34:58] [Server thread/INFO]: Stopping server
[03:34:58] [Server thread/INFO]: Saving players
[03:34:58] [Server thread/INFO]: Saving worlds
[03:34:58] [Server thread/INFO]: Saving chunks for level 'ServerLevel[world]'/minecraft:overworld
[03:34:58] [Server thread/INFO]: Saving chunks for level 'ServerLevel[world]'/minecraft:the_end
[03:34:58] [Server thread/INFO]: Saving chunks for level 'ServerLevel[world]'/minecraft:the_nether
[03:34:58] [Server thread/INFO]: ThreadedAnvilChunkStorage (world): All chunks are saved
[03:34:58] [Server thread/INFO]: ThreadedAnvilChunkStorage (DIM1): All chunks are saved
[03:34:58] [Server thread/INFO]: ThreadedAnvilChunkStorage (DIM-1): All chunks are saved
[03:34:58] [Server thread/INFO]: ThreadedAnvilChunkStorage: All dimensions are saved
